  main.cpp
C:\Users\daste\OneDrive\Desktop\proj\SFMLpractice\calculator\calculator\calculator\main.cpp(113,38): warning C4244: 'argument': conversion from 'int' to 'float', possible loss of data
C:\Users\daste\OneDrive\Desktop\proj\SFMLpractice\calculator\calculator\calculator\main.cpp(113,32): warning C4244: 'argument': conversion from 'int' to 'float', possible loss of data
C:\Users\daste\OneDrive\Desktop\proj\SFMLpractice\calculator\calculator\calculator\main.cpp(114,50): warning C4244: 'argument': conversion from 'int' to 'float', possible loss of data
C:\Users\daste\OneDrive\Desktop\proj\SFMLpractice\calculator\calculator\calculator\main.cpp(114,39): warning C4244: 'argument': conversion from 'int' to 'float', possible loss of data
C:\Users\daste\OneDrive\Desktop\proj\SFMLpractice\calculator\calculator\calculator\main.cpp(144,105): warning C4244: 'argument': conversion from 'int' to 'T', possible loss of data
          with
          [
              T=float
          ]
C:\Users\daste\OneDrive\Desktop\proj\SFMLpractice\calculator\calculator\calculator\main.cpp(144,84): warning C4244: 'argument': conversion from 'int' to 'T', possible loss of data
          with
          [
              T=float
          ]
C:\Users\daste\OneDrive\Desktop\proj\SFMLpractice\calculator\calculator\calculator\main.cpp(195,30): warning C4244: 'argument': conversion from 'unsigned __int64' to 'float', possible loss of data
  Generating code
  57 of 167 functions (34.1%) were compiled, the rest were copied from previous compilation.
    32 functions were new in current compilation
    15 functions had inline decision re-evaluated but remain unchanged
  Finished generating code
  calculator.vcxproj -> C:\Users\daste\OneDrive\Desktop\proj\SFMLpractice\calculator\calculator\x64\Release\calculator.exe
